{"C:\\Users\\Malcolm\\projects\\shopping\\frontend\\src\\app\\_layout.tsx": {"path":"C:\\Users\\Malcolm\\projects\\shopping\\frontend\\src\\app\\_layout.tsx","statementMap":{"0":{"start":{"line":4,"column":2},"end":{"line":4,"column":19}}},"fnMap":{"0":{"name":"RootLayout","decl":{"start":{"line":3,"column":24},"end":{"line":3,"column":34}},"loc":{"start":{"line":3,"column":37},"end":{"line":5,"column":1}},"line":3}},"branchMap":{},"s":{"0":1},"f":{"0":1},"b":{},"_coverageSchema":"1a1c01bbd47fc00a2c39e90264f33305004495a9","hash":"cd16cfd5785a778c67fe4f5e3b407cc85e708aec"}
,"C:\\Users\\Malcolm\\projects\\shopping\\frontend\\src\\app\\index.tsx": {"path":"C:\\Users\\Malcolm\\projects\\shopping\\frontend\\src\\app\\index.tsx","statementMap":{"0":{"start":{"line":4,"column":2},"end":{"line":8,"column":4}},"1":{"start":{"line":11,"column":15},"end":{"line":17,"column":2}}},"fnMap":{"0":{"name":"Index","decl":{"start":{"line":3,"column":24},"end":{"line":3,"column":29}},"loc":{"start":{"line":3,"column":32},"end":{"line":9,"column":1}},"line":3}},"branchMap":{},"s":{"0":1,"1":1},"f":{"0":1},"b":{},"_coverageSchema":"1a1c01bbd47fc00a2c39e90264f33305004495a9","hash":"4c13de7399d4f30df3a2e2074ecc8c09c7506ec1"}
}
